0 info it worked if it ends with ok
1 verbose cli [ '/usr/local/bin/node', '/usr/local/bin/npm', 'publish' ]
2 info using npm@3.6.0
3 info using node@v6.4.0
4 verbose publish [ '.' ]
5 silly cache add args [ '.', null ]
6 verbose cache add spec .
7 silly cache add parsed spec Result {
7 silly cache add   raw: '.',
7 silly cache add   scope: null,
7 silly cache add   name: null,
7 silly cache add   rawSpec: '.',
7 silly cache add   spec: '/Users/hankewei/Desktop/chess',
7 silly cache add   type: 'directory' }
8 verbose addLocalDirectory /Users/hankewei/.npm/chess/1.0.0/package.tgz not in flight; packing
9 verbose correctMkdir /Users/hankewei/.npm correctMkdir not in flight; initializing
10 info lifecycle chess@1.0.0~prepublish: chess@1.0.0
11 silly lifecycle chess@1.0.0~prepublish: no script for prepublish, continuing
12 verbose tar pack [ '/Users/hankewei/.npm/chess/1.0.0/package.tgz',
12 verbose tar pack   '/Users/hankewei/Desktop/chess' ]
13 verbose tarball /Users/hankewei/.npm/chess/1.0.0/package.tgz
14 verbose folder /Users/hankewei/Desktop/chess
15 verbose addLocalTarball adding from inside cache /Users/hankewei/.npm/chess/1.0.0/package.tgz
16 verbose correctMkdir /Users/hankewei/.npm correctMkdir not in flight; initializing
17 silly cache afterAdd chess@1.0.0
18 verbose afterAdd /Users/hankewei/.npm/chess/1.0.0/package/package.json not in flight; writing
19 verbose correctMkdir /Users/hankewei/.npm correctMkdir not in flight; initializing
20 verbose afterAdd /Users/hankewei/.npm/chess/1.0.0/package/package.json written
21 silly publish { name: 'chess',
21 silly publish   version: '1.0.0',
21 silly publish   description: '',
21 silly publish   main: 'index.js',
21 silly publish   scripts: { test: 'echo "Error: no test specified" && exit 1' },
21 silly publish   repository: { type: 'git', url: 'git+https://github.com/zcge/chess.git' },
21 silly publish   author: { name: '韩柯炜' },
21 silly publish   license: 'ISC',
21 silly publish   bugs: { url: 'https://github.com/zcge/chess/issues' },
21 silly publish   homepage: 'https://github.com/zcge/chess#readme',
21 silly publish   readme: '# chess',
21 silly publish   readmeFilename: 'README.md',
21 silly publish   gitHead: '32a83ffe77ea8dea51547d41254e21643308c768',
21 silly publish   _id: 'chess@1.0.0',
21 silly publish   _shasum: '0fca4926ff8cfbb5c1b853f45f7b4af54ccb1cc6',
21 silly publish   _from: '.' }
22 verbose getPublishConfig undefined
23 silly mapToRegistry name chess
24 silly mapToRegistry using default registry
25 silly mapToRegistry registry https://registry.npm.taobao.org/
26 silly mapToRegistry uri https://registry.npm.taobao.org/chess
27 verbose publish registryBase https://registry.npm.taobao.org/
28 silly publish uploading /Users/hankewei/.npm/chess/1.0.0/package.tgz
29 verbose request uri https://registry.npm.taobao.org/chess
30 verbose request sending authorization for write operation
31 info attempt registry request try #1 at 16:55:26
32 verbose request id b748dc6b632a0d56
33 http request PUT https://registry.npm.taobao.org/chess
34 http 403 https://registry.npm.taobao.org/chess
35 verbose headers { date: 'Tue, 25 Apr 2017 08:55:27 GMT',
35 verbose headers   'content-type': 'application/json; charset=utf-8',
35 verbose headers   'content-length': '87',
35 verbose headers   connection: 'keep-alive',
35 verbose headers   'x-current-requests': '1',
35 verbose headers   'x-readtime': '9' }
36 verbose request invalidating /Users/hankewei/.npm/registry.npm.taobao.org/chess on PUT
37 error publish Failed PUT 403
38 verbose stack Error: no_perms Private mode enable, only admin can publish this module: chess
38 verbose stack     at makeError (/usr/local/lib/node_modules/npm/node_modules/npm-registry-client/lib/request.js:264:12)
38 verbose stack     at CachingRegistryClient.<anonymous> (/usr/local/lib/node_modules/npm/node_modules/npm-registry-client/lib/request.js:252:14)
38 verbose stack     at Request._callback (/usr/local/lib/node_modules/npm/node_modules/npm-registry-client/lib/request.js:172:14)
38 verbose stack     at Request.self.callback (/usr/local/lib/node_modules/npm/node_modules/request/request.js:198:22)
38 verbose stack     at emitTwo (events.js:106:13)
38 verbose stack     at Request.emit (events.js:191:7)
38 verbose stack     at Request.<anonymous> (/usr/local/lib/node_modules/npm/node_modules/request/request.js:1035:10)
38 verbose stack     at emitOne (events.js:101:20)
38 verbose stack     at Request.emit (events.js:188:7)
38 verbose stack     at IncomingMessage.<anonymous> (/usr/local/lib/node_modules/npm/node_modules/request/request.js:962:12)
39 verbose statusCode 403
40 verbose pkgid chess
41 verbose cwd /Users/hankewei/Desktop/chess
42 error Darwin 15.0.0
43 error argv "/usr/local/bin/node" "/usr/local/bin/npm" "publish"
44 error node v6.4.0
45 error npm  v3.6.0
46 error code E403
47 error no_perms Private mode enable, only admin can publish this module: chess
48 error If you need help, you may report this error at:
48 error     <https://github.com/npm/npm/issues>
49 verbose exit [ 1, true ]
